<?xml version="1.0" encoding="UTF-8"?>
<!-- Generated by org.testng.reporters.JUnitXMLReporter -->
<testsuite ignored="0" hostname="DESKTOP-N2JB7LM" failures="0" tests="5" name="Test" time="76.689" errors="0" timestamp="2024-05-18T13:27:03 IST">
  <testcase classname="Tests.verifyHomePage_Test" name="VerifyqucikLaunchOptions_Test01" time="4.965"/>
  <testcase classname="Tests.VerifyLoginpageFunctionality_Test" name="VerifyLogintoHRM_Test01" time="3.513"/>
  <testcase classname="Tests.VerifyLoginpageFunctionality_Test" name="Verifyforgotpassword_Test02" time="0.034"/>
  <testcase classname="Tests.verifyMyInfoPage_Test" name="updatePersonalInfo_Test01" time="9.226"/>
  <testcase classname="Tests.verifyMyInfoPage_Test" name="verifyMyinfoPanel_Test02" time="6.568"/>
</testsuite> <!-- Test -->
