<?xml version="1.0" encoding="UTF-8"?>
<!-- Generated by org.testng.reporters.JUnitXMLReporter -->
<testsuite ignored="0" hostname="DESKTOP-N2JB7LM" failures="0" tests="5" name="Test" time="79.176" errors="0" timestamp="2024-05-18T15:52:57 IST">
  <testcase classname="Tests.verifyHomePage_Test" name="VerifyqucikLaunchOptions_Test01" time="4.644"/>
  <testcase classname="Tests.VerifyLoginpageFunctionality_Test" name="VerifyLogintoHRM_Test01" time="3.323"/>
  <testcase classname="Tests.VerifyLoginpageFunctionality_Test" name="Verifyforgotpassword_Test02" time="0.034"/>
  <testcase classname="Tests.verifyMyInfoPage_Test" name="updatePersonalInfo_Test01" time="9.635"/>
  <testcase classname="Tests.verifyMyInfoPage_Test" name="verifyMyinfoPanel_Test02" time="8.589"/>
</testsuite> <!-- Test -->
