<?xml version="1.0" encoding="UTF-8"?>
<testsuite xmlns:xsi="http://www.w3.org/2001/XMLSchema-instance" xsi:noNamespaceSchemaLocation="https://maven.apache.org/surefire/maven-surefire-plugin/xsd/surefire-test-report-3.0.xsd" version="3.0" name="TestSuite" time="66.447" tests="5" errors="0" skipped="0" failures="0">
  <properties>
[...]
</properties>
  <testcase name="VerifyqucikLaunchOptions_Test01" classname="Tests.verifyHomePage_Test" time="5.476">
    <system-out><![CDATA[...
... TestNG 7.7.1 by Cédric Beust (cedric@beust.com)
...

Parameter value is Edge
6
VerifyqucikLaunchOptions_Test01 = Passed
]]></system-out>
    <system-err><![CDATA[SLF4J(W): No SLF4J providers were found.
SLF4J(W): Defaulting to no-operation (NOP) logger implementation
SLF4J(W): See https://www.slf4j.org/codes.html#noProviders for further details.
]]></system-err>
  </testcase>
  <testcase name="VerifyLogintoHRM_Test01" classname="Tests.VerifyLoginpageFunctionality_Test" time="3.28">
    <system-out><![CDATA[Parameter value is Edge
VerifyLogintoHRM_Test01 = Passed
]]></system-out>
  </testcase>
  <testcase name="Verifyforgotpassword_Test02" classname="Tests.VerifyLoginpageFunctionality_Test" time="0.039">
    <system-out><![CDATA[Parameter value is Edge
Verifyforgotpassword_Test02 = Passed
]]></system-out>
  </testcase>
  <testcase name="updatePersonalInfo_Test01" classname="Tests.verifyMyInfoPage_Test" time="9.731">
    <system-out><![CDATA[Parameter value is Edge
updatePersonalInfo_Test01 = Passed
]]></system-out>
  </testcase>
  <testcase name="verifyMyinfoPanel_Test02" classname="Tests.verifyMyInfoPage_Test" time="8.782">
    <system-out><![CDATA[Parameter value is Edge
Personal Details
Contact Details
Emergency Contacts
Dependents
Immigration
Job
Salary
Report-to
Qualifications
Memberships
verifyMyinfoPanel_Test02 = Passed
]]></system-out>
  </testcase>
</testsuite>