<?xml version="1.0" encoding="UTF-8"?>
<testng-results ignored="0" total="5" passed="5" failed="0" skipped="0">
  <reporter-output>
  </reporter-output>
  <suite started-at="2024-05-18T15:53:14 IST" name="Suite" finished-at="2024-05-18T15:54:20 IST" duration-ms="65700">
    <groups>
    </groups>
    <test started-at="2024-05-18T15:53:14 IST" name="Test" finished-at="2024-05-18T15:54:20 IST" duration-ms="65700">
      <class name="Tests.verifyHomePage_Test">
        <test-method is-config="true" signature="setup(java.lang.String)[pri:0, instance:Tests.verifyHomePage_Test@1bd39d3c]" started-at="2024-05-18T15:53:14 IST" name="setup" finished-at="2024-05-18T15:53:21 IST" duration-ms="6956" status="PASS">
          <params>
            <param index="0">
              <value>
                <![CDATA[Edge]]>
              </value>
            </param>
          </params>
          <reporter-output>
          </reporter-output>
        </test-method> <!-- setup -->
        <test-method signature="VerifyqucikLaunchOptions_Test01()[pri:0, instance:Tests.verifyHomePage_Test@1bd39d3c]" started-at="2024-05-18T15:53:21 IST" name="VerifyqucikLaunchOptions_Test01" description="VerifyqucikLaunchOptions" finished-at="2024-05-18T15:53:27 IST" duration-ms="5476" status="PASS">
          <reporter-output>
          </reporter-output>
        </test-method> <!-- VerifyqucikLaunchOptions_Test01 -->
        <test-method is-config="true" signature="tearDown()[pri:0, instance:Tests.verifyHomePage_Test@1bd39d3c]" started-at="2024-05-18T15:53:27 IST" name="tearDown" finished-at="2024-05-18T15:53:28 IST" duration-ms="1400" status="PASS">
          <reporter-output>
          </reporter-output>
        </test-method> <!-- tearDown -->
      </class> <!-- Tests.verifyHomePage_Test -->
      <class name="Tests.VerifyLoginpageFunctionality_Test">
        <test-method is-config="true" signature="setup(java.lang.String)[pri:0, instance:Tests.VerifyLoginpageFunctionality_Test@17d88132]" started-at="2024-05-18T15:53:28 IST" name="setup" finished-at="2024-05-18T15:53:34 IST" duration-ms="5489" status="PASS">
          <params>
            <param index="0">
              <value>
                <![CDATA[Edge]]>
              </value>
            </param>
          </params>
          <reporter-output>
          </reporter-output>
        </test-method> <!-- setup -->
        <test-method signature="VerifyLogintoHRM_Test01()[pri:0, instance:Tests.VerifyLoginpageFunctionality_Test@17d88132]" started-at="2024-05-18T15:53:34 IST" name="VerifyLogintoHRM_Test01" description="VerifyLogintoHRM" finished-at="2024-05-18T15:53:37 IST" duration-ms="3276" status="PASS">
          <reporter-output>
          </reporter-output>
        </test-method> <!-- VerifyLogintoHRM_Test01 -->
        <test-method is-config="true" signature="tearDown()[pri:0, instance:Tests.VerifyLoginpageFunctionality_Test@17d88132]" started-at="2024-05-18T15:53:37 IST" name="tearDown" finished-at="2024-05-18T15:53:39 IST" duration-ms="1415" status="PASS">
          <reporter-output>
          </reporter-output>
        </test-method> <!-- tearDown -->
        <test-method is-config="true" signature="setup(java.lang.String)[pri:0, instance:Tests.VerifyLoginpageFunctionality_Test@17d88132]" started-at="2024-05-18T15:53:39 IST" name="setup" finished-at="2024-05-18T15:53:45 IST" duration-ms="6066" status="PASS">
          <params>
            <param index="0">
              <value>
                <![CDATA[Edge]]>
              </value>
            </param>
          </params>
          <reporter-output>
          </reporter-output>
        </test-method> <!-- setup -->
        <test-method signature="Verifyforgotpassword_Test02()[pri:0, instance:Tests.VerifyLoginpageFunctionality_Test@17d88132]" started-at="2024-05-18T15:53:45 IST" name="Verifyforgotpassword_Test02" description="Verifyforgotpassword" finished-at="2024-05-18T15:53:45 IST" duration-ms="39" status="PASS">
          <reporter-output>
          </reporter-output>
        </test-method> <!-- Verifyforgotpassword_Test02 -->
        <test-method is-config="true" signature="tearDown()[pri:0, instance:Tests.VerifyLoginpageFunctionality_Test@17d88132]" started-at="2024-05-18T15:53:45 IST" name="tearDown" finished-at="2024-05-18T15:53:46 IST" duration-ms="1305" status="PASS">
          <reporter-output>
          </reporter-output>
        </test-method> <!-- tearDown -->
      </class> <!-- Tests.VerifyLoginpageFunctionality_Test -->
      <class name="Tests.verifyMyInfoPage_Test">
        <test-method is-config="true" signature="setup(java.lang.String)[pri:0, instance:Tests.verifyMyInfoPage_Test@5ddcc487]" started-at="2024-05-18T15:53:46 IST" name="setup" finished-at="2024-05-18T15:53:52 IST" duration-ms="5912" status="PASS">
          <params>
            <param index="0">
              <value>
                <![CDATA[Edge]]>
              </value>
            </param>
          </params>
          <reporter-output>
          </reporter-output>
        </test-method> <!-- setup -->
        <test-method signature="updatePersonalInfo_Test01()[pri:0, instance:Tests.verifyMyInfoPage_Test@5ddcc487]" started-at="2024-05-18T15:53:52 IST" name="updatePersonalInfo_Test01" description="updatePersonalInfo" finished-at="2024-05-18T15:54:02 IST" duration-ms="9727" status="PASS">
          <reporter-output>
          </reporter-output>
        </test-method> <!-- updatePersonalInfo_Test01 -->
        <test-method is-config="true" signature="tearDown()[pri:0, instance:Tests.verifyMyInfoPage_Test@5ddcc487]" started-at="2024-05-18T15:54:02 IST" name="tearDown" finished-at="2024-05-18T15:54:03 IST" duration-ms="1397" status="PASS">
          <reporter-output>
          </reporter-output>
        </test-method> <!-- tearDown -->
        <test-method is-config="true" signature="setup(java.lang.String)[pri:0, instance:Tests.verifyMyInfoPage_Test@5ddcc487]" started-at="2024-05-18T15:54:03 IST" name="setup" finished-at="2024-05-18T15:54:10 IST" duration-ms="6900" status="PASS">
          <params>
            <param index="0">
              <value>
                <![CDATA[Edge]]>
              </value>
            </param>
          </params>
          <reporter-output>
          </reporter-output>
        </test-method> <!-- setup -->
        <test-method signature="verifyMyinfoPanel_Test02()[pri:0, instance:Tests.verifyMyInfoPage_Test@5ddcc487]" started-at="2024-05-18T15:54:10 IST" name="verifyMyinfoPanel_Test02" description="verifyMyinfoPanel" finished-at="2024-05-18T15:54:19 IST" duration-ms="8782" status="PASS">
          <reporter-output>
          </reporter-output>
        </test-method> <!-- verifyMyinfoPanel_Test02 -->
        <test-method is-config="true" signature="tearDown()[pri:0, instance:Tests.verifyMyInfoPage_Test@5ddcc487]" started-at="2024-05-18T15:54:19 IST" name="tearDown" finished-at="2024-05-18T15:54:20 IST" duration-ms="1403" status="PASS">
          <reporter-output>
          </reporter-output>
        </test-method> <!-- tearDown -->
      </class> <!-- Tests.verifyMyInfoPage_Test -->
    </test> <!-- Test -->
  </suite> <!-- Suite -->
</testng-results>
