<?xml version="1.0" encoding="UTF-8"?>
<testng-results ignored="0" total="5" passed="5" failed="0" skipped="0">
  <reporter-output>
  </reporter-output>
  <suite started-at="2024-05-18T16:53:14 IST" name="Suite" finished-at="2024-05-18T16:54:31 IST" duration-ms="77600">
    <groups>
    </groups>
    <test started-at="2024-05-18T16:53:14 IST" name="Test" finished-at="2024-05-18T16:54:31 IST" duration-ms="77600">
      <class name="Tests.verifyHomePage_Test">
        <test-method is-config="true" signature="setup(java.lang.String)[pri:0, instance:Tests.verifyHomePage_Test@5ddf0d24]" started-at="2024-05-18T16:53:14 IST" name="setup" finished-at="2024-05-18T16:53:23 IST" duration-ms="9407" status="PASS">
          <params>
            <param index="0">
              <value>
                <![CDATA[Edge]]>
              </value>
            </param>
          </params>
          <reporter-output>
          </reporter-output>
        </test-method> <!-- setup -->
        <test-method signature="VerifyqucikLaunchOptions_Test01()[pri:0, instance:Tests.verifyHomePage_Test@5ddf0d24]" started-at="2024-05-18T16:53:23 IST" name="VerifyqucikLaunchOptions_Test01" description="VerifyqucikLaunchOptions" finished-at="2024-05-18T16:53:28 IST" duration-ms="4783" status="PASS">
          <reporter-output>
          </reporter-output>
        </test-method> <!-- VerifyqucikLaunchOptions_Test01 -->
        <test-method is-config="true" signature="tearDown()[pri:0, instance:Tests.verifyHomePage_Test@5ddf0d24]" started-at="2024-05-18T16:53:28 IST" name="tearDown" finished-at="2024-05-18T16:53:30 IST" duration-ms="1576" status="PASS">
          <reporter-output>
          </reporter-output>
        </test-method> <!-- tearDown -->
      </class> <!-- Tests.verifyHomePage_Test -->
      <class name="Tests.VerifyLoginpageFunctionality_Test">
        <test-method is-config="true" signature="setup(java.lang.String)[pri:0, instance:Tests.VerifyLoginpageFunctionality_Test@524f3b3a]" started-at="2024-05-18T16:53:30 IST" name="setup" finished-at="2024-05-18T16:53:38 IST" duration-ms="8476" status="PASS">
          <params>
            <param index="0">
              <value>
                <![CDATA[Edge]]>
              </value>
            </param>
          </params>
          <reporter-output>
          </reporter-output>
        </test-method> <!-- setup -->
        <test-method signature="VerifyLogintoHRM_Test01()[pri:0, instance:Tests.VerifyLoginpageFunctionality_Test@524f3b3a]" started-at="2024-05-18T16:53:38 IST" name="VerifyLogintoHRM_Test01" description="VerifyLogintoHRM" finished-at="2024-05-18T16:53:42 IST" duration-ms="3900" status="PASS">
          <reporter-output>
          </reporter-output>
        </test-method> <!-- VerifyLogintoHRM_Test01 -->
        <test-method is-config="true" signature="tearDown()[pri:0, instance:Tests.VerifyLoginpageFunctionality_Test@524f3b3a]" started-at="2024-05-18T16:53:42 IST" name="tearDown" finished-at="2024-05-18T16:53:44 IST" duration-ms="1447" status="PASS">
          <reporter-output>
          </reporter-output>
        </test-method> <!-- tearDown -->
        <test-method is-config="true" signature="setup(java.lang.String)[pri:0, instance:Tests.VerifyLoginpageFunctionality_Test@524f3b3a]" started-at="2024-05-18T16:53:44 IST" name="setup" finished-at="2024-05-18T16:53:51 IST" duration-ms="7857" status="PASS">
          <params>
            <param index="0">
              <value>
                <![CDATA[Edge]]>
              </value>
            </param>
          </params>
          <reporter-output>
          </reporter-output>
        </test-method> <!-- setup -->
        <test-method signature="Verifyforgotpassword_Test02()[pri:0, instance:Tests.VerifyLoginpageFunctionality_Test@524f3b3a]" started-at="2024-05-18T16:53:51 IST" name="Verifyforgotpassword_Test02" description="Verifyforgotpassword" finished-at="2024-05-18T16:53:52 IST" duration-ms="88" status="PASS">
          <reporter-output>
          </reporter-output>
        </test-method> <!-- Verifyforgotpassword_Test02 -->
        <test-method is-config="true" signature="tearDown()[pri:0, instance:Tests.VerifyLoginpageFunctionality_Test@524f3b3a]" started-at="2024-05-18T16:53:52 IST" name="tearDown" finished-at="2024-05-18T16:53:53 IST" duration-ms="1369" status="PASS">
          <reporter-output>
          </reporter-output>
        </test-method> <!-- tearDown -->
      </class> <!-- Tests.VerifyLoginpageFunctionality_Test -->
      <class name="Tests.verifyMyInfoPage_Test">
        <test-method is-config="true" signature="setup(java.lang.String)[pri:0, instance:Tests.verifyMyInfoPage_Test@41e68d87]" started-at="2024-05-18T16:53:53 IST" name="setup" finished-at="2024-05-18T16:54:01 IST" duration-ms="7886" status="PASS">
          <params>
            <param index="0">
              <value>
                <![CDATA[Edge]]>
              </value>
            </param>
          </params>
          <reporter-output>
          </reporter-output>
        </test-method> <!-- setup -->
        <test-method signature="updatePersonalInfo_Test01()[pri:0, instance:Tests.verifyMyInfoPage_Test@41e68d87]" started-at="2024-05-18T16:54:01 IST" name="updatePersonalInfo_Test01" description="updatePersonalInfo" finished-at="2024-05-18T16:54:11 IST" duration-ms="10700" status="PASS">
          <reporter-output>
          </reporter-output>
        </test-method> <!-- updatePersonalInfo_Test01 -->
        <test-method is-config="true" signature="tearDown()[pri:0, instance:Tests.verifyMyInfoPage_Test@41e68d87]" started-at="2024-05-18T16:54:12 IST" name="tearDown" finished-at="2024-05-18T16:54:13 IST" duration-ms="1441" status="PASS">
          <reporter-output>
          </reporter-output>
        </test-method> <!-- tearDown -->
        <test-method is-config="true" signature="setup(java.lang.String)[pri:0, instance:Tests.verifyMyInfoPage_Test@41e68d87]" started-at="2024-05-18T16:54:13 IST" name="setup" finished-at="2024-05-18T16:54:21 IST" duration-ms="7667" status="PASS">
          <params>
            <param index="0">
              <value>
                <![CDATA[Edge]]>
              </value>
            </param>
          </params>
          <reporter-output>
          </reporter-output>
        </test-method> <!-- setup -->
        <test-method signature="verifyMyinfoPanel_Test02()[pri:0, instance:Tests.verifyMyInfoPage_Test@41e68d87]" started-at="2024-05-18T16:54:21 IST" name="verifyMyinfoPanel_Test02" description="verifyMyinfoPanel" finished-at="2024-05-18T16:54:30 IST" duration-ms="9318" status="PASS">
          <reporter-output>
          </reporter-output>
        </test-method> <!-- verifyMyinfoPanel_Test02 -->
        <test-method is-config="true" signature="tearDown()[pri:0, instance:Tests.verifyMyInfoPage_Test@41e68d87]" started-at="2024-05-18T16:54:30 IST" name="tearDown" finished-at="2024-05-18T16:54:31 IST" duration-ms="1395" status="PASS">
          <reporter-output>
          </reporter-output>
        </test-method> <!-- tearDown -->
      </class> <!-- Tests.verifyMyInfoPage_Test -->
    </test> <!-- Test -->
  </suite> <!-- Suite -->
</testng-results>
