<?xml version="1.0" encoding="UTF-8"?>
<testng-results ignored="0" total="5" passed="5" failed="0" skipped="0">
  <reporter-output>
  </reporter-output>
  <suite started-at="2024-05-18T13:25:46 IST" name="Suite" finished-at="2024-05-18T13:27:03 IST" duration-ms="76689">
    <groups>
    </groups>
    <test started-at="2024-05-18T13:25:46 IST" name="Test" finished-at="2024-05-18T13:27:03 IST" duration-ms="76689">
      <class name="Tests.verifyHomePage_Test">
        <test-method is-config="true" signature="setup(java.lang.String)[pri:0, instance:Tests.verifyHomePage_Test@5ddf0d24]" started-at="2024-05-18T13:25:46 IST" name="setup" finished-at="2024-05-18T13:25:57 IST" duration-ms="10636" status="PASS">
          <params>
            <param index="0">
              <value>
                <![CDATA[Edge]]>
              </value>
            </param>
          </params>
          <reporter-output>
          </reporter-output>
        </test-method> <!-- setup -->
        <test-method signature="VerifyqucikLaunchOptions_Test01()[pri:0, instance:Tests.verifyHomePage_Test@5ddf0d24]" started-at="2024-05-18T13:25:57 IST" name="VerifyqucikLaunchOptions_Test01" description="VerifyqucikLaunchOptions" finished-at="2024-05-18T13:26:02 IST" duration-ms="4965" status="PASS">
          <reporter-output>
          </reporter-output>
        </test-method> <!-- VerifyqucikLaunchOptions_Test01 -->
        <test-method is-config="true" signature="tearDown()[pri:0, instance:Tests.verifyHomePage_Test@5ddf0d24]" started-at="2024-05-18T13:26:02 IST" name="tearDown" finished-at="2024-05-18T13:26:03 IST" duration-ms="1416" status="PASS">
          <reporter-output>
          </reporter-output>
        </test-method> <!-- tearDown -->
      </class> <!-- Tests.verifyHomePage_Test -->
      <class name="Tests.VerifyLoginpageFunctionality_Test">
        <test-method is-config="true" signature="setup(java.lang.String)[pri:0, instance:Tests.VerifyLoginpageFunctionality_Test@524f3b3a]" started-at="2024-05-18T13:26:03 IST" name="setup" finished-at="2024-05-18T13:26:12 IST" duration-ms="8769" status="PASS">
          <params>
            <param index="0">
              <value>
                <![CDATA[Edge]]>
              </value>
            </param>
          </params>
          <reporter-output>
          </reporter-output>
        </test-method> <!-- setup -->
        <test-method signature="VerifyLogintoHRM_Test01()[pri:0, instance:Tests.VerifyLoginpageFunctionality_Test@524f3b3a]" started-at="2024-05-18T13:26:12 IST" name="VerifyLogintoHRM_Test01" description="VerifyLogintoHRM" finished-at="2024-05-18T13:26:15 IST" duration-ms="3513" status="PASS">
          <reporter-output>
          </reporter-output>
        </test-method> <!-- VerifyLogintoHRM_Test01 -->
        <test-method is-config="true" signature="tearDown()[pri:0, instance:Tests.VerifyLoginpageFunctionality_Test@524f3b3a]" started-at="2024-05-18T13:26:15 IST" name="tearDown" finished-at="2024-05-18T13:26:17 IST" duration-ms="1301" status="PASS">
          <reporter-output>
          </reporter-output>
        </test-method> <!-- tearDown -->
        <test-method is-config="true" signature="setup(java.lang.String)[pri:0, instance:Tests.VerifyLoginpageFunctionality_Test@524f3b3a]" started-at="2024-05-18T13:26:17 IST" name="setup" finished-at="2024-05-18T13:26:25 IST" duration-ms="8433" status="PASS">
          <params>
            <param index="0">
              <value>
                <![CDATA[Edge]]>
              </value>
            </param>
          </params>
          <reporter-output>
          </reporter-output>
        </test-method> <!-- setup -->
        <test-method signature="Verifyforgotpassword_Test02()[pri:0, instance:Tests.VerifyLoginpageFunctionality_Test@524f3b3a]" started-at="2024-05-18T13:26:25 IST" name="Verifyforgotpassword_Test02" description="Verifyforgotpassword" finished-at="2024-05-18T13:26:25 IST" duration-ms="34" status="PASS">
          <reporter-output>
          </reporter-output>
        </test-method> <!-- Verifyforgotpassword_Test02 -->
        <test-method is-config="true" signature="tearDown()[pri:0, instance:Tests.VerifyLoginpageFunctionality_Test@524f3b3a]" started-at="2024-05-18T13:26:25 IST" name="tearDown" finished-at="2024-05-18T13:26:27 IST" duration-ms="1283" status="PASS">
          <reporter-output>
          </reporter-output>
        </test-method> <!-- tearDown -->
      </class> <!-- Tests.VerifyLoginpageFunctionality_Test -->
      <class name="Tests.verifyMyInfoPage_Test">
        <test-method is-config="true" signature="setup(java.lang.String)[pri:0, instance:Tests.verifyMyInfoPage_Test@41e68d87]" started-at="2024-05-18T13:26:27 IST" name="setup" finished-at="2024-05-18T13:26:35 IST" duration-ms="8589" status="PASS">
          <params>
            <param index="0">
              <value>
                <![CDATA[Edge]]>
              </value>
            </param>
          </params>
          <reporter-output>
          </reporter-output>
        </test-method> <!-- setup -->
        <test-method signature="updatePersonalInfo_Test01()[pri:0, instance:Tests.verifyMyInfoPage_Test@41e68d87]" started-at="2024-05-18T13:26:35 IST" name="updatePersonalInfo_Test01" description="updatePersonalInfo" finished-at="2024-05-18T13:26:44 IST" duration-ms="9226" status="PASS">
          <reporter-output>
          </reporter-output>
        </test-method> <!-- updatePersonalInfo_Test01 -->
        <test-method is-config="true" signature="tearDown()[pri:0, instance:Tests.verifyMyInfoPage_Test@41e68d87]" started-at="2024-05-18T13:26:44 IST" name="tearDown" finished-at="2024-05-18T13:26:46 IST" duration-ms="1322" status="PASS">
          <reporter-output>
          </reporter-output>
        </test-method> <!-- tearDown -->
        <test-method is-config="true" signature="setup(java.lang.String)[pri:0, instance:Tests.verifyMyInfoPage_Test@41e68d87]" started-at="2024-05-18T13:26:46 IST" name="setup" finished-at="2024-05-18T13:26:55 IST" duration-ms="9204" status="PASS">
          <params>
            <param index="0">
              <value>
                <![CDATA[Edge]]>
              </value>
            </param>
          </params>
          <reporter-output>
          </reporter-output>
        </test-method> <!-- setup -->
        <test-method signature="verifyMyinfoPanel_Test02()[pri:0, instance:Tests.verifyMyInfoPage_Test@41e68d87]" started-at="2024-05-18T13:26:55 IST" name="verifyMyinfoPanel_Test02" description="verifyMyinfoPanel" finished-at="2024-05-18T13:27:01 IST" duration-ms="6568" status="PASS">
          <reporter-output>
          </reporter-output>
        </test-method> <!-- verifyMyinfoPanel_Test02 -->
        <test-method is-config="true" signature="tearDown()[pri:0, instance:Tests.verifyMyInfoPage_Test@41e68d87]" started-at="2024-05-18T13:27:01 IST" name="tearDown" finished-at="2024-05-18T13:27:03 IST" duration-ms="1288" status="PASS">
          <reporter-output>
          </reporter-output>
        </test-method> <!-- tearDown -->
      </class> <!-- Tests.verifyMyInfoPage_Test -->
    </test> <!-- Test -->
  </suite> <!-- Suite -->
</testng-results>
